<?xml version="1.0" encoding="UTF-8"?>
<!-- Generated by org.testng.reporters.JUnitReportReporter -->
<testsuite hostname="LAPTOP-6C34LHA8" failures="0" tests="5" name="TestCases.TableTest" time="74.712" errors="0" timestamp="2024-05-09T20:59:35 IST" skipped="0">
  <testcase classname="TestCases.TableTest" name="verify_hrefAttributeOfTableSortAndSearch" time="5.567"/>
  <testcase classname="TestCases.TableTest" name="verify_TableHeader" time="44.631"/>
  <testcase classname="TestCases.TableTest" name="verify_classAttributeOfHeader" time="5.355"/>
  <testcase classname="TestCases.TableTest" name="verify_officeName" time="12.458"/>
  <testcase classname="TestCases.TableTest" name="printNames" time="6.701"/>
</testsuite> <!-- TestCases.TableTest -->
