<?xml version="1.0" encoding="UTF-8"?>
<!-- Generated by org.testng.reporters.JUnitReportReporter -->
<testsuite hostname="LAPTOP-6C34LHA8" failures="0" tests="1" name="TestCases.HomeTest" time="3.875" errors="0" timestamp="2024-05-06T21:35:01 IST" skipped="0">
  <testcase classname="TestCases.HomeTest" name="VerifyLogo" time="3.875"/>
</testsuite> <!-- TestCases.HomeTest -->
