<?xml version="1.0" encoding="UTF-8"?>
<!-- Generated by org.testng.reporters.JUnitReportReporter -->
<testsuite hostname="LAPTOP-6C34LHA8" failures="0" tests="1" name="TestCases.BootstrapAlertTest" time="20.217" errors="0" timestamp="2024-05-09T22:05:53 IST" skipped="0">
  <testcase classname="TestCases.BootstrapAlertTest" name="verify_BootstrapAlertHeader" time="20.217"/>
</testsuite> <!-- TestCases.BootstrapAlertTest -->
