<?xml version="1.0" encoding="UTF-8"?>
<!-- Generated by org.testng.reporters.JUnitReportReporter -->
<testsuite hostname="LAPTOP-6C34LHA8" failures="0" tests="2" name="TestCases.InputformTest" time="8.260" errors="0" timestamp="2024-05-09T10:47:29 IST" skipped="0">
  <testcase classname="TestCases.InputformTest" name="verify_SingleInputFieldHeader" time="3.974"/>
  <testcase classname="TestCases.InputformTest" name="verify_ShowMessageButtonText" time="4.286"/>
</testsuite> <!-- TestCases.InputformTest -->
