<?xml version="1.0" encoding="UTF-8"?>
<!-- Generated by org.testng.reporters.JUnitReportReporter -->
<testsuite hostname="LAPTOP-6C34LHA8" failures="0" tests="1" name="TestCases.DatePickersTest" time="5.259" errors="0" timestamp="2024-05-10T07:45:56 IST" skipped="0">
  <testcase classname="TestCases.DatePickersTest" name="Verify_dateSelection" time="5.259"/>
</testsuite> <!-- TestCases.DatePickersTest -->
